<?xml version="1.0" encoding="UTF-8"?>
<testng-results ignored="0" total="1" passed="1" failed="0" skipped="0">
  <reporter-output>
  </reporter-output>
  <suite started-at="2024-04-27T07:20:14Z" name="GroundFloor v2 Test" finished-at="2024-04-27T07:20:57Z" duration-ms="42760">
    <groups>
    </groups>
    <test started-at="2024-04-27T07:20:14Z" name="Test" finished-at="2024-04-27T07:20:57Z" duration-ms="42760">
      <class name="com.ad.tests.LoginTest">
        <test-method is-config="true" signature="StartBrowser()[pri:0, instance:com.ad.tests.LoginTest@61d6015a]" started-at="2024-04-27T13:20:10Z" name="StartBrowser" finished-at="2024-04-27T13:20:14Z" duration-ms="4238" status="PASS">
          <reporter-output>
          </reporter-output>
        </test-method> <!-- StartBrowser -->
        <test-method is-config="true" signature="start()[pri:0, instance:com.ad.tests.LoginTest@61d6015a]" started-at="2024-04-27T13:20:14Z" name="start" finished-at="2024-04-27T13:20:31Z" duration-ms="17729" status="PASS">
          <reporter-output>
          </reporter-output>
        </test-method> <!-- start -->
        <test-method signature="loginTest()[pri:0, instance:com.ad.tests.LoginTest@61d6015a]" started-at="2024-04-27T13:20:31Z" name="loginTest" finished-at="2024-04-27T13:20:56Z" duration-ms="24680" status="PASS">
          <reporter-output>
          </reporter-output>
        </test-method> <!-- loginTest -->
        <test-method is-config="true" signature="report()[pri:0, instance:com.ad.tests.LoginTest@61d6015a]" started-at="2024-04-27T13:20:56Z" name="report" finished-at="2024-04-27T13:20:57Z" duration-ms="346" status="PASS">
          <reporter-output>
          </reporter-output>
        </test-method> <!-- report -->
        <test-method is-config="true" signature="close()[pri:0, instance:com.ad.tests.LoginTest@61d6015a]" started-at="2024-04-27T13:20:57Z" name="close" finished-at="2024-04-27T13:20:57Z" duration-ms="910" status="PASS">
          <reporter-output>
          </reporter-output>
        </test-method> <!-- close -->
      </class> <!-- com.ad.tests.LoginTest -->
    </test> <!-- Test -->
  </suite> <!-- GroundFloor v2 Test -->
</testng-results>
